# JRE version: Java(TM) SE Runtime Environment (8.0_91-b15) (build 1.8.0_91-b15)
# Java VM: Java HotSpot(TM) 64-Bit Server VM (25.91-b15 mixed mode windows-amd64 compressed oops)
Heap:
 PSYoungGen      total 18944K, used 17547K [0x00000000eab00000, 0x00000000ec000000, 0x0000000100000000)
  eden space 16384K, 91% used [0x00000000eab00000,0x00000000eb9aaed8,0x00000000ebb00000)
  from space 2560K, 98% used [0x00000000ebd80000,0x00000000ebff8010,0x00000000ec000000)
  to   space 2560K, 0% used [0x00000000ebb00000,0x00000000ebb00000,0x00000000ebd80000)
 ParOldGen       total 34304K, used 3538K [0x00000000c0000000, 0x00000000c2180000, 0x00000000eab00000)
  object space 34304K, 10% used [0x00000000c0000000,0x00000000c0374b88,0x00000000c2180000)
 Metaspace       used 6032K, capacity 6966K, committed 7040K, reserved 1058816K
  class space    used 603K, capacity 622K, committed 640K, reserved 1048576K
GC Heap History (6 events):
Event: 6.040 GC heap before
{Heap before GC invocations=1 (full 0):
 PSYoungGen      total 18944K, used 11473K [0x00000000eab00000, 0x00000000ec000000, 0x0000000100000000)
  eden space 16384K, 70% used [0x00000000eab00000,0x00000000eb6346b8,0x00000000ebb00000)
  from space 2560K, 0% used [0x00000000ebd80000,0x00000000ebd80000,0x00000000ec000000)
  to   space 2560K, 0% used [0x00000000ebb00000,0x00000000ebb00000,0x00000000ebd80000)
 ParOldGen       total 44032K, used 0K [0x00000000c0000000, 0x00000000c2b00000, 0x00000000eab00000)
  object space 44032K, 0% used [0x00000000c0000000,0x00000000c0000000,0x00000000c2b00000)
 Metaspace       used 5501K, capacity 6448K, committed 6528K, reserved 1064960K
  class space    used 595K, capacity 616K, committed 640K, reserved 1048576K
Event: 6.056 GC heap after
Heap after GC invocations=1 (full 0):
 PSYoungGen      total 18944K, used 2537K [0x00000000eab00000, 0x00000000ec000000, 0x0000000100000000)
  eden space 16384K, 0% used [0x00000000eab00000,0x00000000eab00000,0x00000000ebb00000)
  from space 2560K, 99% used [0x00000000ebb00000,0x00000000ebd7a470,0x00000000ebd80000)
  to   space 2560K, 0% used [0x00000000ebd80000,0x00000000ebd80000,0x00000000ec000000)
 ParOldGen       total 44032K, used 1094K [0x00000000c0000000, 0x00000000c2b00000, 0x00000000eab00000)
  object space 44032K, 2% used [0x00000000c0000000,0x00000000c0111850,0x00000000c2b00000)
 Metaspace       used 5501K, capacity 6448K, committed 6528K, reserved 1064960K
  class space    used 595K, capacity 616K, committed 640K, reserved 1048576K
}
Event: 6.056 GC heap before
{Heap before GC invocations=2 (full 1):
 PSYoungGen      total 18944K, used 2537K [0x00000000eab00000, 0x00000000ec000000, 0x0000000100000000)
  eden space 16384K, 0% used [0x00000000eab00000,0x00000000eab00000,0x00000000ebb00000)
  from space 2560K, 99% used [0x00000000ebb00000,0x00000000ebd7a470,0x00000000ebd80000)
  to   space 2560K, 0% used [0x00000000ebd80000,0x00000000ebd80000,0x00000000ec000000)
 ParOldGen       total 44032K, used 1094K [0x00000000c0000000, 0x00000000c2b00000, 0x00000000eab00000)
  object space 44032K, 2% used [0x00000000c0000000,0x00000000c0111850,0x00000000c2b00000)
 Metaspace       used 5501K, capacity 6448K, committed 6528K, reserved 1064960K
  class space    used 595K, capacity 616K, committed 640K, reserved 1048576K
Event: 6.116 GC heap after
Heap after GC invocations=2 (full 1):
 PSYoungGen      total 18944K, used 0K [0x00000000eab00000, 0x00000000ec000000, 0x0000000100000000)
  eden space 16384K, 0% used [0x00000000eab00000,0x00000000eab00000,0x00000000ebb00000)
  from space 2560K, 0% used [0x00000000ebb00000,0x00000000ebb00000,0x00000000ebd80000)
  to   space 2560K, 0% used [0x00000000ebd80000,0x00000000ebd80000,0x00000000ec000000)
 ParOldGen       total 34304K, used 3464K [0x00000000c0000000, 0x00000000c2180000, 0x00000000eab00000)
  object space 34304K, 10% used [0x00000000c0000000,0x00000000c03622f0,0x00000000c2180000)
 Metaspace       used 5501K, capacity 6448K, committed 6528K, reserved 1058816K
  class space    used 595K, capacity 616K, committed 640K, reserved 1048576K
}
Event: 7.868 GC heap before
{Heap before GC invocations=3 (full 1):
 PSYoungGen      total 18944K, used 16384K [0x00000000eab00000, 0x00000000ec000000, 0x0000000100000000)
  eden space 16384K, 100% used [0x00000000eab00000,0x00000000ebb00000,0x00000000ebb00000)
  from space 2560K, 0% used [0x00000000ebb00000,0x00000000ebb00000,0x00000000ebd80000)
  to   space 2560K, 0% used [0x00000000ebd80000,0x00000000ebd80000,0x00000000ec000000)
 ParOldGen       total 34304K, used 3464K [0x00000000c0000000, 0x00000000c2180000, 0x00000000eab00000)
  object space 34304K, 10% used [0x00000000c0000000,0x00000000c03622f0,0x00000000c2180000)
 Metaspace       used 5959K, capacity 6902K, committed 7040K, reserved 1058816K
  class space    used 603K, capacity 622K, committed 640K, reserved 1048576K
Event: 8.140 GC heap after
Heap after GC invocations=3 (full 1):
 PSYoungGen      total 18944K, used 2528K [0x00000000eab00000, 0x00000000ec000000, 0x0000000100000000)
  eden space 16384K, 0% used [0x00000000eab00000,0x00000000eab00000,0x00000000ebb00000)
  from space 2560K, 98% used [0x00000000ebd80000,0x00000000ebff8010,0x00000000ec000000)
  to   space 2560K, 0% used [0x00000000ebb00000,0x00000000ebb00000,0x00000000ebd80000)
 ParOldGen       total 34304K, used 3538K [0x00000000c0000000, 0x00000000c2180000, 0x00000000eab00000)
  object space 34304K, 10% used [0x00000000c0000000,0x00000000c0374b88,0x00000000c2180000)
 Metaspace       used 5959K, capacity 6902K, committed 7040K, reserved 1058816K
  class space    used 603K, capacity 622K, committed 640K, reserved 1048576K
}

